<?xml version="1.0" encoding="UTF-8"?>
<!-- Generated by org.testng.reporters.JUnitXMLReporter -->
<testsuite hostname="san-PC" ignored="0" name="test" tests="1" failures="1" timestamp="12 Sep 2020 06:21:30 GMT" time="73.006" errors="0">
  <testcase name="addNewAddressTest" time="51.743" classname="com.vikas.testcases.HomePageTest">
    <failure type="java.lang.AssertionError" message="Some Thing is wrong with the title --  expected [Search] but found [Searchcdc]">
      <![CDATA[java.lang.AssertionError: Some Thing is wrong with the title --  expected [Search] but found [Searchcdc]
at com.vikas.testcases.HomePageTest.addNewAddressTest(HomePageTest.java:83)
... Removed 30 stack frames]]>
    </failure>
  </testcase> <!-- addNewAddressTest -->
</testsuite> <!-- test -->
